生成启动时间为 2013/8/25 19:53:48。
     1>项目“D:\工作\个人练习\acm\hoj 1684-Symmetric Order\hoj 1684-Symmetric Order\hoj 1684-Symmetric Order.vcxproj”在节点 2 上(build 个目标)。
     1>PrepareForBuild:
         正在创建目录“D:\工作\个人练习\acm\hoj 1684-Symmetric Order\Debug\”。
       InitializeBuildStatus:
         正在创建“Debug\hoj 1684-Symmetric Order.unsuccessfulbuild”，因为已指定“AlwaysCreate”。
       ClCompile:
         D:\工作\VC\bin\CL.exe /c /ZI /nologo /W3 /WX- /Od /Oy- /D WIN32 /D _DEBUG /D _CONSOLE /D _UNICODE /D UNICODE /Gm /EHsc /RTC1 /MDd /GS /fp:precise /Zc:wchar_t /Zc:forScope /Fo"Debug\\" /Fd"Debug\vc100.pdb" /Gd /TP /analyze- /errorReport:prompt main.cpp
         main.cpp
     1>d:\工作\个人练习\acm\hoj 1684-symmetric order\hoj 1684-symmetric order\main.cpp(12): warning C4101: “k”: 未引用的局部变量
     1>d:\工作\个人练习\acm\hoj 1684-symmetric order\hoj 1684-symmetric order\main.cpp(12): warning C4101: “j”: 未引用的局部变量
       ManifestResourceCompile:
         c:\Program Files (x86)\Microsoft SDKs\Windows\v7.0A\bin\rc.exe /nologo /fo"Debug\hoj 1684-Symmetric Order.exe.embed.manifest.res" "Debug\hoj 1684-Symmetric Order_manifest.rc" 
       Link:
         D:\工作\VC\bin\link.exe /ERRORREPORT:PROMPT /OUT:"D:\工作\个人练习\acm\hoj 1684-Symmetric Order\Debug\hoj 1684-Symmetric Order.exe" /INCREMENTAL /NOLOGO kernel32.lib user32.lib gdi32.lib winspool.lib comdlg32.lib advapi32.lib shell32.lib ole32.lib oleaut32.lib uuid.lib odbc32.lib odbccp32.lib /MANIFEST /ManifestFile:"Debug\hoj 1684-Symmetric Order.exe.intermediate.manifest" /MANIFESTUAC:"level='asInvoker' uiAccess='false'" /DEBUG /PDB:"D:\工作\个人练习\acm\hoj 1684-Symmetric Order\Debug\hoj 1684-Symmetric Order.pdb" /SUBSYSTEM:CONSOLE /TLBID:1 /DYNAMICBASE /NXCOMPAT /IMPLIB:"D:\工作\个人练习\acm\hoj 1684-Symmetric Order\Debug\hoj 1684-Symmetric Order.lib" /MACHINE:X86 "Debug\hoj 1684-Symmetric Order.exe.embed.manifest.res"
         Debug\main.obj
       Manifest:
         c:\Program Files (x86)\Microsoft SDKs\Windows\v7.0A\bin\mt.exe /nologo /verbose /out:"Debug\hoj 1684-Symmetric Order.exe.embed.manifest" /manifest "Debug\hoj 1684-Symmetric Order.exe.intermediate.manifest"
         c:\Program Files (x86)\Microsoft SDKs\Windows\v7.0A\bin\rc.exe /nologo /fo"Debug\hoj 1684-Symmetric Order.exe.embed.manifest.res" "Debug\hoj 1684-Symmetric Order_manifest.rc" 
       LinkEmbedManifest:
         D:\工作\VC\bin\link.exe /ERRORREPORT:PROMPT /OUT:"D:\工作\个人练习\acm\hoj 1684-Symmetric Order\Debug\hoj 1684-Symmetric Order.exe" /INCREMENTAL /NOLOGO kernel32.lib user32.lib gdi32.lib winspool.lib comdlg32.lib advapi32.lib shell32.lib ole32.lib oleaut32.lib uuid.lib odbc32.lib odbccp32.lib /MANIFEST /ManifestFile:"Debug\hoj 1684-Symmetric Order.exe.intermediate.manifest" /MANIFESTUAC:"level='asInvoker' uiAccess='false'" /DEBUG /PDB:"D:\工作\个人练习\acm\hoj 1684-Symmetric Order\Debug\hoj 1684-Symmetric Order.pdb" /SUBSYSTEM:CONSOLE /TLBID:1 /DYNAMICBASE /NXCOMPAT /IMPLIB:"D:\工作\个人练习\acm\hoj 1684-Symmetric Order\Debug\hoj 1684-Symmetric Order.lib" /MACHINE:X86 "Debug\hoj 1684-Symmetric Order.exe.embed.manifest.res"
         Debug\main.obj
         hoj 1684-Symmetric Order.vcxproj -> D:\工作\个人练习\acm\hoj 1684-Symmetric Order\Debug\hoj 1684-Symmetric Order.exe
       FinalizeBuildStatus:
         正在删除文件“Debug\hoj 1684-Symmetric Order.unsuccessfulbuild”。
         正在对“Debug\hoj 1684-Symmetric Order.lastbuildstate”执行 Touch 任务。
     1>已完成生成项目“D:\工作\个人练习\acm\hoj 1684-Symmetric Order\hoj 1684-Symmetric Order\hoj 1684-Symmetric Order.vcxproj”(build 个目标)的操作。

生成成功。

已用时间 00:00:04.95
