D:\工作\个人练习\ACM\HOJ 1107-UNIFORM GENERATOR\HOJ 1107-UNIFORM GENERATOR\DEBUG\MAIN.OBJ
D:\工作\个人练习\ACM\HOJ 1107-UNIFORM GENERATOR\HOJ 1107-UNIFORM GENERATOR\DEBUG\VC100.PDB
D:\工作\个人练习\ACM\HOJ 1107-UNIFORM GENERATOR\DEBUG\HOJ 1107-UNIFORM GENERATOR.ILK
D:\工作\个人练习\ACM\HOJ 1107-UNIFORM GENERATOR\DEBUG\HOJ 1107-UNIFORM GENERATOR.EXE
D:\工作\个人练习\ACM\HOJ 1107-UNIFORM GENERATOR\HOJ 1107-UNIFORM GENERATOR\DEBUG\HOJ 1107-UNIFORM GENERATOR.EXE.INTERMEDIATE.MANIFEST
D:\工作\个人练习\ACM\HOJ 1107-UNIFORM GENERATOR\DEBUG\HOJ 1107-UNIFORM GENERATOR.PDB
D:\工作\个人练习\ACM\HOJ 1107-UNIFORM GENERATOR\HOJ 1107-UNIFORM GENERATOR\DEBUG\HOJ 1107-UNIFORM GENERATOR.EXE.EMBED.MANIFEST
D:\工作\个人练习\ACM\HOJ 1107-UNIFORM GENERATOR\HOJ 1107-UNIFORM GENERATOR\DEBUG\HOJ 1107-UNIFORM GENERATOR.EXE.EMBED.MANIFEST.RES
D:\工作\个人练习\acm\hoj 1107-Uniform Generator(字符串水)\hoj 1107-Uniform Generator\Debug\hoj 1107-Uniform Generator.vcxprojResolveAssemblyReference.cache
D:\工作\个人练习\acm\hoj 1107-Uniform Generator(字符串水)\hoj 1107-Uniform Generator\Debug\main.obj
D:\工作\个人练习\acm\hoj 1107-Uniform Generator(字符串水)\hoj 1107-Uniform Generator\Debug\cl.command.1.tlog
D:\工作\个人练习\acm\hoj 1107-Uniform Generator(字符串水)\hoj 1107-Uniform Generator\Debug\CL.read.1.tlog
D:\工作\个人练习\acm\hoj 1107-Uniform Generator(字符串水)\hoj 1107-Uniform Generator\Debug\CL.write.1.tlog
D:\工作\个人练习\acm\hoj 1107-Uniform Generator(字符串水)\hoj 1107-Uniform Generator\Debug\hoj 1107-Uniform Generator.write.1.tlog
D:\工作\个人练习\acm\hoj 1107-Uniform Generator(字符串水)\hoj 1107-Uniform Generator\Debug\link-cvtres.read.1.tlog
D:\工作\个人练习\acm\hoj 1107-Uniform Generator(字符串水)\hoj 1107-Uniform Generator\Debug\link-cvtres.write.1.tlog
D:\工作\个人练习\acm\hoj 1107-Uniform Generator(字符串水)\hoj 1107-Uniform Generator\Debug\link.11740-cvtres.read.1.tlog
D:\工作\个人练习\acm\hoj 1107-Uniform Generator(字符串水)\hoj 1107-Uniform Generator\Debug\link.11740-cvtres.write.1.tlog
D:\工作\个人练习\acm\hoj 1107-Uniform Generator(字符串水)\hoj 1107-Uniform Generator\Debug\link.11740.read.1.tlog
D:\工作\个人练习\acm\hoj 1107-Uniform Generator(字符串水)\hoj 1107-Uniform Generator\Debug\link.11740.write.1.tlog
D:\工作\个人练习\acm\hoj 1107-Uniform Generator(字符串水)\hoj 1107-Uniform Generator\Debug\link.command.1.tlog
D:\工作\个人练习\acm\hoj 1107-Uniform Generator(字符串水)\hoj 1107-Uniform Generator\Debug\link.read.1.tlog
D:\工作\个人练习\acm\hoj 1107-Uniform Generator(字符串水)\hoj 1107-Uniform Generator\Debug\link.write.1.tlog
D:\工作\个人练习\acm\hoj 1107-Uniform Generator(字符串水)\hoj 1107-Uniform Generator\Debug\mt.command.1.tlog
D:\工作\个人练习\acm\hoj 1107-Uniform Generator(字符串水)\hoj 1107-Uniform Generator\Debug\mt.read.1.tlog
D:\工作\个人练习\acm\hoj 1107-Uniform Generator(字符串水)\hoj 1107-Uniform Generator\Debug\mt.write.1.tlog
D:\工作\个人练习\acm\hoj 1107-Uniform Generator(字符串水)\hoj 1107-Uniform Generator\Debug\rc.command.1.tlog
D:\工作\个人练习\acm\hoj 1107-Uniform Generator(字符串水)\hoj 1107-Uniform Generator\Debug\rc.read.1.tlog
D:\工作\个人练习\acm\hoj 1107-Uniform Generator(字符串水)\hoj 1107-Uniform Generator\Debug\rc.write.1.tlog
D:\工作\个人练习\acm\hoj 1107-Uniform Generator(字符串水)\hoj 1107-Uniform Generator\Debug\hoj 1107-Uniform Generator.exe.embed.manifest
D:\工作\个人练习\acm\hoj 1107-Uniform Generator(字符串水)\hoj 1107-Uniform Generator\Debug\hoj 1107-Uniform Generator.exe.intermediate.manifest
D:\工作\个人练习\acm\hoj 1107-Uniform Generator(字符串水)\hoj 1107-Uniform Generator\Debug\hoj 1107-Uniform Generator.exe.embed.manifest.res
D:\工作\个人练习\acm\hoj 1107-Uniform Generator(字符串水)\hoj 1107-Uniform Generator\Debug\vc100.idb
D:\工作\个人练习\acm\hoj 1107-Uniform Generator(字符串水)\hoj 1107-Uniform Generator\Debug\vc100.pdb
D:\工作\个人练习\acm\hoj 1107-Uniform Generator(字符串水)\hoj 1107-Uniform Generator\Debug\hoj 1107-Uniform Generator_manifest.rc
D:\工作\个人练习\acm\hoj 1107-Uniform Generator(字符串水)\Debug\hoj 1107-Uniform Generator.pdb
D:\工作\个人练习\acm\hoj 1107-Uniform Generator(字符串水)\Debug\hoj 1107-Uniform Generator.exe
D:\工作\个人练习\acm\hoj 1107-Uniform Generator(字符串水)\Debug\hoj 1107-Uniform Generator.ilk
