生成启动时间为 2014/3/18 8:33:50。
     1>项目“D:\工作\个人练习\acm\hoj 1107-Uniform Generator(字符串水)\hoj 1107-Uniform Generator\hoj 1107-Uniform Generator.vcxproj”在节点 2 上(Rebuild 个目标)。
     1>_PrepareForClean:
         正在删除文件“Debug\hoj 1107-Uniform Generator.lastbuildstate”。
       InitializeBuildStatus:
         正在创建“Debug\hoj 1107-Uniform Generator.unsuccessfulbuild”，因为已指定“AlwaysCreate”。
       ClCompile:
         D:\平台与工具\VC\bin\CL.exe /c /ZI /nologo /W3 /WX- /Od /Oy- /D WIN32 /D _DEBUG /D _CONSOLE /D _UNICODE /D UNICODE /Gm /EHsc /RTC1 /MDd /GS /fp:precise /Zc:wchar_t /Zc:forScope /Fo"Debug\\" /Fd"Debug\vc110.pdb" /Gd /TP /analyze- /errorReport:prompt main.cpp
         main.cpp
     1>d:\工作\个人练习\acm\hoj 1107-uniform generator(字符串水)\hoj 1107-uniform generator\main.cpp(11): warning C4996: 'scanf': This function or variable may be unsafe. Consider using scanf_s instead. To disable deprecation, use _CRT_SECURE_NO_WARNINGS. See online help for details.
                 d:\平台与工具\vc\include\stdio.h(290) : 参见“scanf”的声明
       Link:
         D:\平台与工具\VC\bin\link.exe /ERRORREPORT:PROMPT /OUT:"D:\工作\个人练习\acm\hoj 1107-Uniform Generator(字符串水)\Debug\hoj 1107-Uniform Generator.exe" /INCREMENTAL /NOLOGO kernel32.lib user32.lib gdi32.lib winspool.lib comdlg32.lib advapi32.lib shell32.lib ole32.lib oleaut32.lib uuid.lib odbc32.lib odbccp32.lib /MANIFEST /MANIFESTUAC:"level='asInvoker' uiAccess='false'" /manifest:embed /DEBUG /PDB:"D:\工作\个人练习\acm\hoj 1107-Uniform Generator(字符串水)\Debug\hoj 1107-Uniform Generator.pdb" /SUBSYSTEM:CONSOLE /TLBID:1 /DYNAMICBASE /NXCOMPAT /IMPLIB:"D:\工作\个人练习\acm\hoj 1107-Uniform Generator(字符串水)\Debug\hoj 1107-Uniform Generator.lib" /MACHINE:X86 Debug\main.obj
         hoj 1107-Uniform Generator.vcxproj -> D:\工作\个人练习\acm\hoj 1107-Uniform Generator(字符串水)\Debug\hoj 1107-Uniform Generator.exe
       FinalizeBuildStatus:
         正在删除文件“Debug\hoj 1107-Uniform Generator.unsuccessfulbuild”。
         正在对“Debug\hoj 1107-Uniform Generator.lastbuildstate”执行 Touch 任务。
     1>已完成生成项目“D:\工作\个人练习\acm\hoj 1107-Uniform Generator(字符串水)\hoj 1107-Uniform Generator\hoj 1107-Uniform Generator.vcxproj”(Rebuild 个目标)的操作。

生成成功。

已用时间 00:00:02.03
