生成启动时间为 2014/4/25 8:57:33。
     1>项目“D:\工作\个人练习\acm\hoj 2421-Hie with the pie(状压dp)\hoj 2421-Hie with the pie(状压dp)\hoj 2421-Hie with the pie(状压dp).vcxproj”在节点 2 上(Build 个目标)。
     1>InitializeBuildStatus:
         正在创建“Debug\hoj 2421-Hie with the pie(状压dp).unsuccessfulbuild”，因为已指定“AlwaysCreate”。
       ClCompile:
         D:\平台与工具\VC\bin\CL.exe /c /ZI /nologo /W3 /WX- /Od /Oy- /D WIN32 /D _DEBUG /D _CONSOLE /D _UNICODE /D UNICODE /Gm /EHsc /RTC1 /MDd /GS /fp:precise /Zc:wchar_t /Zc:forScope /Fo"Debug\\" /Fd"Debug\vc110.pdb" /Gd /TP /analyze- /errorReport:prompt main.cpp
         main.cpp
     1>d:\工作\个人练习\acm\hoj 2421-hie with the pie(状压dp)\hoj 2421-hie with the pie(状压dp)\main.cpp(5): warning C4554: “<<”: 检查运算符优先级可能存在的错误；使用圆括号阐明优先级
     1>d:\工作\个人练习\acm\hoj 2421-hie with the pie(状压dp)\hoj 2421-hie with the pie(状压dp)\main.cpp(32): warning C4996: 'scanf': This function or variable may be unsafe. Consider using scanf_s instead. To disable deprecation, use _CRT_SECURE_NO_WARNINGS. See online help for details.
                 d:\平台与工具\vc\include\stdio.h(290) : 参见“scanf”的声明
     1>d:\工作\个人练习\acm\hoj 2421-hie with the pie(状压dp)\hoj 2421-hie with the pie(状压dp)\main.cpp(40): warning C4996: 'scanf': This function or variable may be unsafe. Consider using scanf_s instead. To disable deprecation, use _CRT_SECURE_NO_WARNINGS. See online help for details.
                 d:\平台与工具\vc\include\stdio.h(290) : 参见“scanf”的声明
       Link:
         D:\平台与工具\VC\bin\link.exe /ERRORREPORT:PROMPT /OUT:"D:\工作\个人练习\acm\hoj 2421-Hie with the pie(状压dp)\Debug\hoj 2421-Hie with the pie(状压dp).exe" /INCREMENTAL /NOLOGO kernel32.lib user32.lib gdi32.lib winspool.lib comdlg32.lib advapi32.lib shell32.lib ole32.lib oleaut32.lib uuid.lib odbc32.lib odbccp32.lib /MANIFEST /MANIFESTUAC:"level='asInvoker' uiAccess='false'" /manifest:embed /DEBUG /PDB:"D:\工作\个人练习\acm\hoj 2421-Hie with the pie(状压dp)\Debug\hoj 2421-Hie with the pie(状压dp).pdb" /SUBSYSTEM:CONSOLE /TLBID:1 /DYNAMICBASE /NXCOMPAT /IMPLIB:"D:\工作\个人练习\acm\hoj 2421-Hie with the pie(状压dp)\Debug\hoj 2421-Hie with the pie(状压dp).lib" /MACHINE:X86 Debug\main.obj
         hoj 2421-Hie with the pie(状压dp).vcxproj -> D:\工作\个人练习\acm\hoj 2421-Hie with the pie(状压dp)\Debug\hoj 2421-Hie with the pie(状压dp).exe
       FinalizeBuildStatus:
         正在删除文件“Debug\hoj 2421-Hie with the pie(状压dp).unsuccessfulbuild”。
         正在对“Debug\hoj 2421-Hie with the pie(状压dp).lastbuildstate”执行 Touch 任务。
     1>已完成生成项目“D:\工作\个人练习\acm\hoj 2421-Hie with the pie(状压dp)\hoj 2421-Hie with the pie(状压dp)\hoj 2421-Hie with the pie(状压dp).vcxproj”(Build 个目标)的操作。

生成成功。

已用时间 00:00:06.30
