生成启动时间为 2014/4/24 16:11:00。
     1>项目“D:\工作\个人练习\acm\hoj 1436-MPI Maelstrom\hoj 1436-MPI Maelstrom\hoj 1436-MPI Maelstrom.vcxproj”在节点 2 上(Build 个目标)。
     1>InitializeBuildStatus:
         正在创建“Debug\hoj 1436-MPI Maelstrom.unsuccessfulbuild”，因为已指定“AlwaysCreate”。
       GenerateTargetFrameworkMonikerAttribute:
       正在跳过目标“GenerateTargetFrameworkMonikerAttribute”，因为所有输出文件相对于输入文件而言都是最新的。
       ClCompile:
         D:\平台与工具\VC\bin\CL.exe /c /AI"C:\Program Files (x86)\Reference Assemblies\Microsoft\Framework\.NETFramework\v4.5\\" /AI"C:\Program Files (x86)\Windows Kits\8.0\References\CommonConfiguration\Neutral" /AI"C:\Program Files (x86)\Reference Assemblies\Microsoft\Framework\.NETFramework\v4.5\Facades\\" /Zi /clr /nologo /W3 /WX- /Od /Oy- /D WIN32 /D _DEBUG /D _UNICODE /D UNICODE /EHa /MDd /GS /fp:precise /Zc:wchar_t /Zc:forScope /Fo"Debug\\" /Fd"Debug\vc110.pdb" /TP /FU"C:\Program Files (x86)\Reference Assemblies\Microsoft\Framework\.NETFramework\v4.5\mscorlib.dll" /analyze- /errorReport:prompt /clr:nostdlib main.cpp
         main.cpp
     1>main.cpp(35): warning C4018: “<”: 有符号/无符号不匹配
     1>main.cpp(44): warning C4996: 'scanf': This function or variable may be unsafe. Consider using scanf_s instead. To disable deprecation, use _CRT_SECURE_NO_WARNINGS. See online help for details.
                 D:\平台与工具\VC\include\stdio.h(290) : 参见“scanf”的声明
     1>main.cpp(49): warning C4996: 'scanf': This function or variable may be unsafe. Consider using scanf_s instead. To disable deprecation, use _CRT_SECURE_NO_WARNINGS. See online help for details.
                 D:\平台与工具\VC\include\stdio.h(290) : 参见“scanf”的声明
         所有输出均为最新。
       Link:
         D:\平台与工具\VC\bin\link.exe /ERRORREPORT:PROMPT /OUT:"D:\工作\个人练习\acm\hoj 1436-MPI Maelstrom\Debug\hoj 1436-MPI Maelstrom.exe" /INCREMENTAL /NOLOGO /MANIFEST /MANIFESTUAC:"level='asInvoker' uiAccess='false'" /manifest:embed /DEBUG /PDB:"D:\工作\个人练习\acm\hoj 1436-MPI Maelstrom\Debug\hoj 1436-MPI Maelstrom.pdb" /ASSEMBLYDEBUG /TLBID:1 /DYNAMICBASE /FIXED:NO /NXCOMPAT /MACHINE:X86 Debug\main.obj
         "Debug\.NETFramework,Version=v4.5.AssemblyAttributes.obj"
         hoj 1436-MPI Maelstrom.vcxproj -> D:\工作\个人练习\acm\hoj 1436-MPI Maelstrom\Debug\hoj 1436-MPI Maelstrom.exe
       FinalizeBuildStatus:
         正在删除文件“Debug\hoj 1436-MPI Maelstrom.unsuccessfulbuild”。
         正在对“Debug\hoj 1436-MPI Maelstrom.lastbuildstate”执行 Touch 任务。
     1>已完成生成项目“D:\工作\个人练习\acm\hoj 1436-MPI Maelstrom\hoj 1436-MPI Maelstrom\hoj 1436-MPI Maelstrom.vcxproj”(Build 个目标)的操作。

生成成功。

已用时间 00:00:05.07
