生成启动时间为 2013/8/13 16:42:02。
     1>项目“D:\工作\个人练习\acm\hoj 1896-Average Speed\hoj 1896-Average Speed\hoj 1896-Average Speed.vcxproj”在节点 2 上(build 个目标)。
     1>InitializeBuildStatus:
         正在创建“Debug\hoj 1896-Average Speed.unsuccessfulbuild”，因为已指定“AlwaysCreate”。
       ClCompile:
         D:\工作\VC\bin\CL.exe /c /ZI /nologo /W3 /WX- /Od /Oy- /D WIN32 /D _DEBUG /D _CONSOLE /D _UNICODE /D UNICODE /Gm /EHsc /RTC1 /MDd /GS /fp:precise /Zc:wchar_t /Zc:forScope /Fo"Debug\\" /Fd"Debug\vc100.pdb" /Gd /TP /analyze- /errorReport:prompt main.cpp
         main.cpp
     1>d:\工作\个人练习\acm\hoj 1896-average speed\hoj 1896-average speed\main.cpp(10): warning C4996: 'gets': This function or variable may be unsafe. Consider using gets_s instead. To disable deprecation, use _CRT_SECURE_NO_WARNINGS. See online help for details.
                 d:\工作\vc\include\stdio.h(277) : 参见“gets”的声明
       ManifestResourceCompile:
         所有输出均为最新。
       Link:
         D:\工作\VC\bin\link.exe /ERRORREPORT:PROMPT /OUT:"D:\工作\个人练习\acm\hoj 1896-Average Speed\Debug\hoj 1896-Average Speed.exe" /INCREMENTAL /NOLOGO kernel32.lib user32.lib gdi32.lib winspool.lib comdlg32.lib advapi32.lib shell32.lib ole32.lib oleaut32.lib uuid.lib odbc32.lib odbccp32.lib /MANIFEST /ManifestFile:"Debug\hoj 1896-Average Speed.exe.intermediate.manifest" /MANIFESTUAC:"level='asInvoker' uiAccess='false'" /DEBUG /PDB:"D:\工作\个人练习\acm\hoj 1896-Average Speed\Debug\hoj 1896-Average Speed.pdb" /SUBSYSTEM:CONSOLE /TLBID:1 /DYNAMICBASE /NXCOMPAT /IMPLIB:"D:\工作\个人练习\acm\hoj 1896-Average Speed\Debug\hoj 1896-Average Speed.lib" /MACHINE:X86 "Debug\hoj 1896-Average Speed.exe.embed.manifest.res"
         Debug\main.obj
       Manifest:
         c:\Program Files (x86)\Microsoft SDKs\Windows\v7.0A\bin\mt.exe /nologo /verbose /out:"Debug\hoj 1896-Average Speed.exe.embed.manifest" /manifest "Debug\hoj 1896-Average Speed.exe.intermediate.manifest"
         所有输出均为最新。
       LinkEmbedManifest:
         所有输出均为最新。
         hoj 1896-Average Speed.vcxproj -> D:\工作\个人练习\acm\hoj 1896-Average Speed\Debug\hoj 1896-Average Speed.exe
       FinalizeBuildStatus:
         正在删除文件“Debug\hoj 1896-Average Speed.unsuccessfulbuild”。
         正在对“Debug\hoj 1896-Average Speed.lastbuildstate”执行 Touch 任务。
     1>已完成生成项目“D:\工作\个人练习\acm\hoj 1896-Average Speed\hoj 1896-Average Speed\hoj 1896-Average Speed.vcxproj”(build 个目标)的操作。

生成成功。

已用时间 00:00:02.18
