生成启动时间为 2013/7/23 10:50:44。
     1>项目“D:\工作\个人练习\acm\cf 274A-k-Multiple Free Set\cf 274A-k-Multiple Free Set\cf 274A-k-Multiple Free Set.vcxproj”在节点 2 上(build 个目标)。
     1>InitializeBuildStatus:
         正在创建“Debug\cf 274A-k-Multiple Free Set.unsuccessfulbuild”，因为已指定“AlwaysCreate”。
       ClCompile:
         D:\工作\VC\bin\CL.exe /c /ZI /nologo /W3 /WX- /Od /Oy- /D WIN32 /D _DEBUG /D _CONSOLE /D _UNICODE /D UNICODE /Gm /EHsc /RTC1 /MDd /GS /fp:precise /Zc:wchar_t /Zc:forScope /Fo"Debug\\" /Fd"Debug\vc100.pdb" /Gd /TP /analyze- /errorReport:prompt main.cpp
         main.cpp
     1>d:\工作\个人练习\acm\cf 274a-k-multiple free set\cf 274a-k-multiple free set\main.cpp(8): warning C4244: “初始化”: 从“__int64”转换到“unsigned int”，可能丢失数据
     1>d:\工作\个人练习\acm\cf 274a-k-multiple free set\cf 274a-k-multiple free set\main.cpp(9): warning C4244: “初始化”: 从“__int64”转换到“unsigned int”，可能丢失数据
     1>d:\工作\个人练习\acm\cf 274a-k-multiple free set\cf 274a-k-multiple free set\main.cpp(10): warning C4244: “初始化”: 从“__int64”转换到“unsigned int”，可能丢失数据
     1>d:\工作\个人练习\acm\cf 274a-k-multiple free set\cf 274a-k-multiple free set\main.cpp(25): warning C4244: “初始化”: 从“__int64”转换到“int”，可能丢失数据
       ManifestResourceCompile:
         所有输出均为最新。
       Link:
         D:\工作\VC\bin\link.exe /ERRORREPORT:PROMPT /OUT:"D:\工作\个人练习\acm\cf 274A-k-Multiple Free Set\Debug\cf 274A-k-Multiple Free Set.exe" /INCREMENTAL /NOLOGO kernel32.lib user32.lib gdi32.lib winspool.lib comdlg32.lib advapi32.lib shell32.lib ole32.lib oleaut32.lib uuid.lib odbc32.lib odbccp32.lib /MANIFEST /ManifestFile:"Debug\cf 274A-k-Multiple Free Set.exe.intermediate.manifest" /MANIFESTUAC:"level='asInvoker' uiAccess='false'" /DEBUG /PDB:"D:\工作\个人练习\acm\cf 274A-k-Multiple Free Set\Debug\cf 274A-k-Multiple Free Set.pdb" /SUBSYSTEM:CONSOLE /TLBID:1 /DYNAMICBASE /NXCOMPAT /IMPLIB:"D:\工作\个人练习\acm\cf 274A-k-Multiple Free Set\Debug\cf 274A-k-Multiple Free Set.lib" /MACHINE:X86 "Debug\cf 274A-k-Multiple Free Set.exe.embed.manifest.res"
         Debug\main.obj
       Manifest:
         c:\Program Files (x86)\Microsoft SDKs\Windows\v7.0A\bin\mt.exe /nologo /verbose /out:"Debug\cf 274A-k-Multiple Free Set.exe.embed.manifest" /manifest "Debug\cf 274A-k-Multiple Free Set.exe.intermediate.manifest"
         所有输出均为最新。
       LinkEmbedManifest:
         所有输出均为最新。
         cf 274A-k-Multiple Free Set.vcxproj -> D:\工作\个人练习\acm\cf 274A-k-Multiple Free Set\Debug\cf 274A-k-Multiple Free Set.exe
       FinalizeBuildStatus:
         正在删除文件“Debug\cf 274A-k-Multiple Free Set.unsuccessfulbuild”。
         正在对“Debug\cf 274A-k-Multiple Free Set.lastbuildstate”执行 Touch 任务。
     1>已完成生成项目“D:\工作\个人练习\acm\cf 274A-k-Multiple Free Set\cf 274A-k-Multiple Free Set\cf 274A-k-Multiple Free Set.vcxproj”(build 个目标)的操作。

生成成功。

已用时间 00:00:02.36
