生成启动时间为 2013/9/11 11:01:36。
     1>项目“D:\工作\个人练习\acm\hoj 1078-u calculate e\hoj 1078-u calculate e\hoj 1078-u calculate e.vcxproj”在节点 2 上(build 个目标)。
     1>InitializeBuildStatus:
         正在对“Debug\hoj 1078-u calculate e.unsuccessfulbuild”执行 Touch 任务。
       ClCompile:
         D:\工作\VC\bin\CL.exe /c /ZI /nologo /W3 /WX- /Od /Oy- /D WIN32 /D _DEBUG /D _CONSOLE /D _UNICODE /D UNICODE /Gm /EHsc /RTC1 /MDd /GS /fp:precise /Zc:wchar_t /Zc:forScope /Fo"Debug\\" /Fd"Debug\vc100.pdb" /Gd /TP /analyze- /errorReport:prompt main.cpp
         main.cpp
       ManifestResourceCompile:
         所有输出均为最新。
       Link:
         D:\工作\VC\bin\link.exe /ERRORREPORT:PROMPT /OUT:"D:\工作\个人练习\acm\hoj 1078-u calculate e\Debug\hoj 1078-u calculate e.exe" /INCREMENTAL /NOLOGO kernel32.lib user32.lib gdi32.lib winspool.lib comdlg32.lib advapi32.lib shell32.lib ole32.lib oleaut32.lib uuid.lib odbc32.lib odbccp32.lib /MANIFEST /ManifestFile:"Debug\hoj 1078-u calculate e.exe.intermediate.manifest" /MANIFESTUAC:"level='asInvoker' uiAccess='false'" /DEBUG /PDB:"D:\工作\个人练习\acm\hoj 1078-u calculate e\Debug\hoj 1078-u calculate e.pdb" /SUBSYSTEM:CONSOLE /TLBID:1 /DYNAMICBASE /NXCOMPAT /IMPLIB:"D:\工作\个人练习\acm\hoj 1078-u calculate e\Debug\hoj 1078-u calculate e.lib" /MACHINE:X86 "Debug\hoj 1078-u calculate e.exe.embed.manifest.res"
         Debug\main.obj
       Manifest:
         c:\Program Files (x86)\Microsoft SDKs\Windows\v7.0A\bin\mt.exe /nologo /verbose /out:"Debug\hoj 1078-u calculate e.exe.embed.manifest" /manifest "Debug\hoj 1078-u calculate e.exe.intermediate.manifest"
         所有输出均为最新。
       LinkEmbedManifest:
         所有输出均为最新。
         hoj 1078-u calculate e.vcxproj -> D:\工作\个人练习\acm\hoj 1078-u calculate e\Debug\hoj 1078-u calculate e.exe
       FinalizeBuildStatus:
         正在删除文件“Debug\hoj 1078-u calculate e.unsuccessfulbuild”。
         正在对“Debug\hoj 1078-u calculate e.lastbuildstate”执行 Touch 任务。
     1>已完成生成项目“D:\工作\个人练习\acm\hoj 1078-u calculate e\hoj 1078-u calculate e\hoj 1078-u calculate e.vcxproj”(build 个目标)的操作。

生成成功。

已用时间 00:00:02.65
