生成启动时间为 2013/7/22 15:05:57。
     1>项目“D:\工作\个人练习\acm\hoj\hoj\hoj.vcxproj”在节点 2 上(build 个目标)。
     1>InitializeBuildStatus:
         正在创建“Debug\hoj.unsuccessfulbuild”，因为已指定“AlwaysCreate”。
       ClCompile:
         D:\工作\VC\bin\CL.exe /c /ZI /nologo /W3 /WX- /Od /Oy- /D WIN32 /D _DEBUG /D _CONSOLE /D _UNICODE /D UNICODE /Gm /EHsc /RTC1 /MDd /GS /fp:precise /Zc:wchar_t /Zc:forScope /Fo"Debug\\" /Fd"Debug\vc100.pdb" /Gd /TP /analyze- /errorReport:prompt main.cpp
         main.cpp
     1>d:\工作\个人练习\acm\hoj\hoj\main.cpp(12): warning C4244: “初始化”: 从“__int64”转换到“unsigned int”，可能丢失数据
     1>d:\工作\个人练习\acm\hoj\hoj\main.cpp(13): warning C4244: “初始化”: 从“__int64”转换到“unsigned int”，可能丢失数据
     1>d:\工作\个人练习\acm\hoj\hoj\main.cpp(14): warning C4244: “初始化”: 从“__int64”转换到“unsigned int”，可能丢失数据
     1>d:\工作\个人练习\acm\hoj\hoj\main.cpp(15): warning C4244: “初始化”: 从“__int64”转换到“unsigned int”，可能丢失数据
       ManifestResourceCompile:
         所有输出均为最新。
       Link:
         D:\工作\VC\bin\link.exe /ERRORREPORT:PROMPT /OUT:"D:\工作\个人练习\acm\hoj\Debug\hoj.exe" /INCREMENTAL /NOLOGO kernel32.lib user32.lib gdi32.lib winspool.lib comdlg32.lib advapi32.lib shell32.lib ole32.lib oleaut32.lib uuid.lib odbc32.lib odbccp32.lib /MANIFEST /ManifestFile:"Debug\hoj.exe.intermediate.manifest" /MANIFESTUAC:"level='asInvoker' uiAccess='false'" /DEBUG /PDB:"D:\工作\个人练习\acm\hoj\Debug\hoj.pdb" /SUBSYSTEM:CONSOLE /TLBID:1 /DYNAMICBASE /NXCOMPAT /IMPLIB:"D:\工作\个人练习\acm\hoj\Debug\hoj.lib" /MACHINE:X86 Debug\hoj.exe.embed.manifest.res
         Debug\main.obj
     1>LINK : fatal error LNK1168: 无法打开 D:\工作\个人练习\acm\hoj\Debug\hoj.exe 进行写入
     1>已完成生成项目“D:\工作\个人练习\acm\hoj\hoj\hoj.vcxproj”(build 个目标)的操作 - 失败。

生成失败。

已用时间 00:00:02.16
