生成启动时间为 2014/2/25 16:17:02。
     1>项目“D:\工作\个人练习\acm\hoj 1688-Speed Limit\hoj 1688-Speed Limit\hoj 1688-Speed Limit.vcxproj”在节点 2 上(build 个目标)。
     1>PrepareForBuild:
         正在创建目录“D:\工作\个人练习\acm\hoj 1688-Speed Limit\Debug\”。
       InitializeBuildStatus:
         正在创建“Debug\hoj 1688-Speed Limit.unsuccessfulbuild”，因为已指定“AlwaysCreate”。
       ClCompile:
         d:\工作\VC\bin\CL.exe /c /ZI /nologo /W3 /WX- /Od /Oy- /D WIN32 /D _DEBUG /D _CONSOLE /D _UNICODE /D UNICODE /Gm /EHsc /RTC1 /MDd /GS /fp:precise /Zc:wchar_t /Zc:forScope /Fo"Debug\\" /Fd"Debug\vc100.pdb" /Gd /TP /analyze- /errorReport:prompt main.cpp
         main.cpp
     1>d:\工作\个人练习\acm\hoj 1688-speed limit\hoj 1688-speed limit\main.cpp(7): warning C4996: 'scanf': This function or variable may be unsafe. Consider using scanf_s instead. To disable deprecation, use _CRT_SECURE_NO_WARNINGS. See online help for details.
                 d:\工作\vc\include\stdio.h(304) : 参见“scanf”的声明
     1>d:\工作\个人练习\acm\hoj 1688-speed limit\hoj 1688-speed limit\main.cpp(14): warning C4996: 'scanf': This function or variable may be unsafe. Consider using scanf_s instead. To disable deprecation, use _CRT_SECURE_NO_WARNINGS. See online help for details.
                 d:\工作\vc\include\stdio.h(304) : 参见“scanf”的声明
       ManifestResourceCompile:
         c:\Program Files (x86)\Microsoft SDKs\Windows\v7.0A\bin\rc.exe /nologo /fo"Debug\hoj 1688-Speed Limit.exe.embed.manifest.res" "Debug\hoj 1688-Speed Limit_manifest.rc" 
       Link:
         d:\工作\VC\bin\link.exe /ERRORREPORT:PROMPT /OUT:"D:\工作\个人练习\acm\hoj 1688-Speed Limit\Debug\hoj 1688-Speed Limit.exe" /INCREMENTAL /NOLOGO kernel32.lib user32.lib gdi32.lib winspool.lib comdlg32.lib advapi32.lib shell32.lib ole32.lib oleaut32.lib uuid.lib odbc32.lib odbccp32.lib /MANIFEST /ManifestFile:"Debug\hoj 1688-Speed Limit.exe.intermediate.manifest" /MANIFESTUAC:"level='asInvoker' uiAccess='false'" /DEBUG /PDB:"D:\工作\个人练习\acm\hoj 1688-Speed Limit\Debug\hoj 1688-Speed Limit.pdb" /SUBSYSTEM:CONSOLE /TLBID:1 /DYNAMICBASE /NXCOMPAT /IMPLIB:"D:\工作\个人练习\acm\hoj 1688-Speed Limit\Debug\hoj 1688-Speed Limit.lib" /MACHINE:X86 "Debug\hoj 1688-Speed Limit.exe.embed.manifest.res"
         Debug\main.obj
       Manifest:
         c:\Program Files (x86)\Microsoft SDKs\Windows\v7.0A\bin\mt.exe /nologo /verbose /out:"Debug\hoj 1688-Speed Limit.exe.embed.manifest" /manifest "Debug\hoj 1688-Speed Limit.exe.intermediate.manifest"
         c:\Program Files (x86)\Microsoft SDKs\Windows\v7.0A\bin\rc.exe /nologo /fo"Debug\hoj 1688-Speed Limit.exe.embed.manifest.res" "Debug\hoj 1688-Speed Limit_manifest.rc" 
       LinkEmbedManifest:
         d:\工作\VC\bin\link.exe /ERRORREPORT:PROMPT /OUT:"D:\工作\个人练习\acm\hoj 1688-Speed Limit\Debug\hoj 1688-Speed Limit.exe" /INCREMENTAL /NOLOGO kernel32.lib user32.lib gdi32.lib winspool.lib comdlg32.lib advapi32.lib shell32.lib ole32.lib oleaut32.lib uuid.lib odbc32.lib odbccp32.lib /MANIFEST /ManifestFile:"Debug\hoj 1688-Speed Limit.exe.intermediate.manifest" /MANIFESTUAC:"level='asInvoker' uiAccess='false'" /DEBUG /PDB:"D:\工作\个人练习\acm\hoj 1688-Speed Limit\Debug\hoj 1688-Speed Limit.pdb" /SUBSYSTEM:CONSOLE /TLBID:1 /DYNAMICBASE /NXCOMPAT /IMPLIB:"D:\工作\个人练习\acm\hoj 1688-Speed Limit\Debug\hoj 1688-Speed Limit.lib" /MACHINE:X86 "Debug\hoj 1688-Speed Limit.exe.embed.manifest.res"
         Debug\main.obj
         hoj 1688-Speed Limit.vcxproj -> D:\工作\个人练习\acm\hoj 1688-Speed Limit\Debug\hoj 1688-Speed Limit.exe
       FinalizeBuildStatus:
         正在删除文件“Debug\hoj 1688-Speed Limit.unsuccessfulbuild”。
         正在对“Debug\hoj 1688-Speed Limit.lastbuildstate”执行 Touch 任务。
     1>已完成生成项目“D:\工作\个人练习\acm\hoj 1688-Speed Limit\hoj 1688-Speed Limit\hoj 1688-Speed Limit.vcxproj”(build 个目标)的操作。

生成成功。

已用时间 00:00:03.24
