生成启动时间为 2013/8/7 9:19:50。
     1>项目“D:\工作\个人练习\acm\acm模板题\线段树某段的最大最小值-poj 3264\线段树某段的最大最小值-poj 3264\线段树某段的最大最小值-poj 3264.vcxproj”在节点 2 上(build 个目标)。
     1>InitializeBuildStatus:
         正在创建“Debug\线段树某段的最大最小值-poj 3264.unsuccessfulbuild”，因为已指定“AlwaysCreate”。
       ClCompile:
         D:\工作\VC\bin\CL.exe /c /ZI /nologo /W3 /WX- /Od /Oy- /D WIN32 /D _DEBUG /D _CONSOLE /D _UNICODE /D UNICODE /Gm /EHsc /RTC1 /MDd /GS /fp:precise /Zc:wchar_t /Zc:forScope /Fo"Debug\\" /Fd"Debug\vc100.pdb" /Gd /TP /analyze- /errorReport:prompt main.cpp
         main.cpp
     1>d:\工作\个人练习\acm\acm模板题\线段树某段的最大最小值-poj 3264\线段树某段的最大最小值-poj 3264\main.cpp(46): warning C4996: 'scanf': This function or variable may be unsafe. Consider using scanf_s instead. To disable deprecation, use _CRT_SECURE_NO_WARNINGS. See online help for details.
                 d:\工作\vc\include\stdio.h(304) : 参见“scanf”的声明
     1>d:\工作\个人练习\acm\acm模板题\线段树某段的最大最小值-poj 3264\线段树某段的最大最小值-poj 3264\main.cpp(49): warning C4996: 'scanf': This function or variable may be unsafe. Consider using scanf_s instead. To disable deprecation, use _CRT_SECURE_NO_WARNINGS. See online help for details.
                 d:\工作\vc\include\stdio.h(304) : 参见“scanf”的声明
     1>d:\工作\个人练习\acm\acm模板题\线段树某段的最大最小值-poj 3264\线段树某段的最大最小值-poj 3264\main.cpp(53): warning C4996: 'scanf': This function or variable may be unsafe. Consider using scanf_s instead. To disable deprecation, use _CRT_SECURE_NO_WARNINGS. See online help for details.
                 d:\工作\vc\include\stdio.h(304) : 参见“scanf”的声明
       ManifestResourceCompile:
         c:\Program Files (x86)\Microsoft SDKs\Windows\v7.0A\bin\rc.exe /nologo /fo"Debug\线段树某段的最大最小值-poj 3264.exe.embed.manifest.res" "Debug\线段树某段的最大最小值-poj 3264_manifest.rc" 
       Link:
         D:\工作\VC\bin\link.exe /ERRORREPORT:PROMPT /OUT:"D:\工作\个人练习\acm\acm模板题\线段树某段的最大最小值-poj 3264\Debug\线段树某段的最大最小值-poj 3264.exe" /INCREMENTAL /NOLOGO kernel32.lib user32.lib gdi32.lib winspool.lib comdlg32.lib advapi32.lib shell32.lib ole32.lib oleaut32.lib uuid.lib odbc32.lib odbccp32.lib /MANIFEST /ManifestFile:"Debug\线段树某段的最大最小值-poj 3264.exe.intermediate.manifest" /MANIFESTUAC:"level='asInvoker' uiAccess='false'" /DEBUG /PDB:"D:\工作\个人练习\acm\acm模板题\线段树某段的最大最小值-poj 3264\Debug\线段树某段的最大最小值-poj 3264.pdb" /SUBSYSTEM:CONSOLE /TLBID:1 /DYNAMICBASE /NXCOMPAT /IMPLIB:"D:\工作\个人练习\acm\acm模板题\线段树某段的最大最小值-poj 3264\Debug\线段树某段的最大最小值-poj 3264.lib" /MACHINE:X86 "Debug\线段树某段的最大最小值-poj 3264.exe.embed.manifest.res"
         Debug\main.obj
       Manifest:
         c:\Program Files (x86)\Microsoft SDKs\Windows\v7.0A\bin\mt.exe /nologo /verbose /out:"Debug\线段树某段的最大最小值-poj 3264.exe.embed.manifest" /manifest "Debug\线段树某段的最大最小值-poj 3264.exe.intermediate.manifest"
         所有输出均为最新。
       LinkEmbedManifest:
         所有输出均为最新。
         线段树某段的最大最小值-poj 3264.vcxproj -> D:\工作\个人练习\acm\acm模板题\线段树某段的最大最小值-poj 3264\Debug\线段树某段的最大最小值-poj 3264.exe
       FinalizeBuildStatus:
         正在删除文件“Debug\线段树某段的最大最小值-poj 3264.unsuccessfulbuild”。
         正在对“Debug\线段树某段的最大最小值-poj 3264.lastbuildstate”执行 Touch 任务。
     1>已完成生成项目“D:\工作\个人练习\acm\acm模板题\线段树某段的最大最小值-poj 3264\线段树某段的最大最小值-poj 3264\线段树某段的最大最小值-poj 3264.vcxproj”(build 个目标)的操作。

生成成功。

已用时间 00:00:03.40
