生成启动时间为 2013/8/6 8:21:06。
     1>项目“D:\工作\个人练习\acm\hoj 1058-Number Triangles\hoj 1052-Number Triangles\hoj 1052-Number Triangles.vcxproj”在节点 2 上(build 个目标)。
     1>InitializeBuildStatus:
         正在创建“Debug\hoj 1052-Number Triangles.unsuccessfulbuild”，因为已指定“AlwaysCreate”。
       ClCompile:
         D:\工作\VC\bin\CL.exe /c /ZI /nologo /W3 /WX- /Od /Oy- /D WIN32 /D _DEBUG /D _CONSOLE /D _UNICODE /D UNICODE /Gm /EHsc /RTC1 /MDd /GS /fp:precise /Zc:wchar_t /Zc:forScope /Fo"Debug\\" /Fd"Debug\vc100.pdb" /Gd /TP /analyze- /errorReport:prompt main.cpp
         main.cpp
       ManifestResourceCompile:
         c:\Program Files (x86)\Microsoft SDKs\Windows\v7.0A\bin\rc.exe /nologo /fo"Debug\hoj 1052-Number Triangles.exe.embed.manifest.res" "Debug\hoj 1052-Number Triangles_manifest.rc" 
       Link:
         D:\工作\VC\bin\link.exe /ERRORREPORT:PROMPT /OUT:"D:\工作\个人练习\acm\hoj 1058-Number Triangles\Debug\hoj 1052-Number Triangles.exe" /INCREMENTAL /NOLOGO kernel32.lib user32.lib gdi32.lib winspool.lib comdlg32.lib advapi32.lib shell32.lib ole32.lib oleaut32.lib uuid.lib odbc32.lib odbccp32.lib /MANIFEST /ManifestFile:"Debug\hoj 1052-Number Triangles.exe.intermediate.manifest" /MANIFESTUAC:"level='asInvoker' uiAccess='false'" /DEBUG /PDB:"D:\工作\个人练习\acm\hoj 1058-Number Triangles\Debug\hoj 1052-Number Triangles.pdb" /SUBSYSTEM:CONSOLE /TLBID:1 /DYNAMICBASE /NXCOMPAT /IMPLIB:"D:\工作\个人练习\acm\hoj 1058-Number Triangles\Debug\hoj 1052-Number Triangles.lib" /MACHINE:X86 "Debug\hoj 1052-Number Triangles.exe.embed.manifest.res"
         Debug\main.obj
       Manifest:
         c:\Program Files (x86)\Microsoft SDKs\Windows\v7.0A\bin\mt.exe /nologo /verbose /out:"Debug\hoj 1052-Number Triangles.exe.embed.manifest" /manifest "Debug\hoj 1052-Number Triangles.exe.intermediate.manifest"
         所有输出均为最新。
       LinkEmbedManifest:
         所有输出均为最新。
         hoj 1052-Number Triangles.vcxproj -> D:\工作\个人练习\acm\hoj 1058-Number Triangles\Debug\hoj 1052-Number Triangles.exe
       FinalizeBuildStatus:
         正在删除文件“Debug\hoj 1052-Number Triangles.unsuccessfulbuild”。
         正在对“Debug\hoj 1052-Number Triangles.lastbuildstate”执行 Touch 任务。
     1>已完成生成项目“D:\工作\个人练习\acm\hoj 1058-Number Triangles\hoj 1052-Number Triangles\hoj 1052-Number Triangles.vcxproj”(build 个目标)的操作。

生成成功。

已用时间 00:00:04.88
