生成启动时间为 2014/4/21 22:32:26。
     1>项目“D:\工作\个人练习\acm\2013 Province Contest A-City and village(Kruskal)\2013 Province Contest A-City and village(Kruskal)\2013 Province Contest A-City and village(Kruskal).vcxproj”在节点 2 上(Build 个目标)。
     1>InitializeBuildStatus:
         正在创建“Debug\2013 Province Contest A-City and village(Kruskal).unsuccessfulbuild”，因为已指定“AlwaysCreate”。
       ClCompile:
         D:\平台与工具\VC\bin\CL.exe /c /ZI /nologo /W3 /WX- /Od /Oy- /D WIN32 /D _DEBUG /D _CONSOLE /D _UNICODE /D UNICODE /Gm /EHsc /RTC1 /MDd /GS /fp:precise /Zc:wchar_t /Zc:forScope /Fo"Debug\\" /Fd"Debug\vc110.pdb" /Gd /TP /analyze- /errorReport:prompt main.cpp
         main.cpp
     1>d:\工作\个人练习\acm\2013 province contest a-city and village(kruskal)\2013 province contest a-city and village(kruskal)\main.cpp(28): warning C4018: “<”: 有符号/无符号不匹配
     1>d:\工作\个人练习\acm\2013 province contest a-city and village(kruskal)\2013 province contest a-city and village(kruskal)\main.cpp(34): warning C4553: “==”: 运算符不起任何作用；是否是有意使用“=”的?
     1>d:\工作\个人练习\acm\2013 province contest a-city and village(kruskal)\2013 province contest a-city and village(kruskal)\main.cpp(44): warning C4996: 'scanf': This function or variable may be unsafe. Consider using scanf_s instead. To disable deprecation, use _CRT_SECURE_NO_WARNINGS. See online help for details.
                 d:\平台与工具\vc\include\stdio.h(290) : 参见“scanf”的声明
       Link:
         D:\平台与工具\VC\bin\link.exe /ERRORREPORT:PROMPT /OUT:"D:\工作\个人练习\acm\2013 Province Contest A-City and village(Kruskal)\Debug\2013 Province Contest A-City and village(Kruskal).exe" /INCREMENTAL /NOLOGO kernel32.lib user32.lib gdi32.lib winspool.lib comdlg32.lib advapi32.lib shell32.lib ole32.lib oleaut32.lib uuid.lib odbc32.lib odbccp32.lib /MANIFEST /MANIFESTUAC:"level='asInvoker' uiAccess='false'" /manifest:embed /DEBUG /PDB:"D:\工作\个人练习\acm\2013 Province Contest A-City and village(Kruskal)\Debug\2013 Province Contest A-City and village(Kruskal).pdb" /SUBSYSTEM:CONSOLE /TLBID:1 /DYNAMICBASE /NXCOMPAT /IMPLIB:"D:\工作\个人练习\acm\2013 Province Contest A-City and village(Kruskal)\Debug\2013 Province Contest A-City and village(Kruskal).lib" /MACHINE:X86 Debug\main.obj
         2013 Province Contest A-City and village(Kruskal).vcxproj -> D:\工作\个人练习\acm\2013 Province Contest A-City and village(Kruskal)\Debug\2013 Province Contest A-City and village(Kruskal).exe
       FinalizeBuildStatus:
         正在删除文件“Debug\2013 Province Contest A-City and village(Kruskal).unsuccessfulbuild”。
         正在对“Debug\2013 Province Contest A-City and village(Kruskal).lastbuildstate”执行 Touch 任务。
     1>已完成生成项目“D:\工作\个人练习\acm\2013 Province Contest A-City and village(Kruskal)\2013 Province Contest A-City and village(Kruskal)\2013 Province Contest A-City and village(Kruskal).vcxproj”(Build 个目标)的操作。

生成成功。

已用时间 00:00:02.46
