D:\工作\个人练习\ACM\HOJ 1080-DIGITAL ROOTS(水)\HOJ 1080-DIGITAL ROOTS(水)\DEBUG\MAIN.OBJ
D:\工作\个人练习\ACM\HOJ 1080-DIGITAL ROOTS(水)\HOJ 1080-DIGITAL ROOTS(水)\DEBUG\VC100.PDB
D:\工作\个人练习\ACM\HOJ 1080-DIGITAL ROOTS(水)\HOJ 1080-DIGITAL ROOTS(水)\DEBUG\VC110.PDB
D:\工作\个人练习\ACM\HOJ 1080-DIGITAL ROOTS(水)\DEBUG\HOJ 1080-DIGITAL ROOTS(水).ILK
D:\工作\个人练习\ACM\HOJ 1080-DIGITAL ROOTS(水)\DEBUG\HOJ 1080-DIGITAL ROOTS(水).EXE
D:\工作\个人练习\ACM\HOJ 1080-DIGITAL ROOTS(水)\HOJ 1080-DIGITAL ROOTS(水)\DEBUG\HOJ 1080-DIGITAL ROOTS(水).EXE.INTERMEDIATE.MANIFEST
D:\工作\个人练习\ACM\HOJ 1080-DIGITAL ROOTS(水)\DEBUG\HOJ 1080-DIGITAL ROOTS(水).PDB
D:\工作\个人练习\ACM\HOJ 1080-DIGITAL ROOTS(水)\HOJ 1080-DIGITAL ROOTS(水)\DEBUG\HOJ 1080-DIGITAL ROOTS(水).EXE.EMBED.MANIFEST
D:\工作\个人练习\ACM\HOJ 1080-DIGITAL ROOTS(水)\HOJ 1080-DIGITAL ROOTS(水)\DEBUG\HOJ 1080-DIGITAL ROOTS(水).EXE.EMBED.MANIFEST.RES
D:\工作\个人练习\acm\hoj 1080-Digital roots(水)\hoj 1080-Digital roots(水)\Debug\hoj 1080-Digital roots(水).vcxprojResolveAssemblyReference.cache
D:\工作\个人练习\acm\hoj 1080-Digital roots(水)\hoj 1080-Digital roots(水)\Debug\main.obj
D:\工作\个人练习\acm\hoj 1080-Digital roots(水)\hoj 1080-Digital roots(水)\Debug\cl.command.1.tlog
D:\工作\个人练习\acm\hoj 1080-Digital roots(水)\hoj 1080-Digital roots(水)\Debug\CL.read.1.tlog
D:\工作\个人练习\acm\hoj 1080-Digital roots(水)\hoj 1080-Digital roots(水)\Debug\CL.write.1.tlog
D:\工作\个人练习\acm\hoj 1080-Digital roots(水)\hoj 1080-Digital roots(水)\Debug\hoj 1080-Digital roots(水).write.1.tlog
D:\工作\个人练习\acm\hoj 1080-Digital roots(水)\hoj 1080-Digital roots(水)\Debug\link-cvtres.read.1.tlog
D:\工作\个人练习\acm\hoj 1080-Digital roots(水)\hoj 1080-Digital roots(水)\Debug\link-cvtres.write.1.tlog
D:\工作\个人练习\acm\hoj 1080-Digital roots(水)\hoj 1080-Digital roots(水)\Debug\link-rc.read.1.tlog
D:\工作\个人练习\acm\hoj 1080-Digital roots(水)\hoj 1080-Digital roots(水)\Debug\link-rc.write.1.tlog
D:\工作\个人练习\acm\hoj 1080-Digital roots(水)\hoj 1080-Digital roots(水)\Debug\link.2076-cvtres.read.1.tlog
D:\工作\个人练习\acm\hoj 1080-Digital roots(水)\hoj 1080-Digital roots(水)\Debug\link.2076-cvtres.write.1.tlog
D:\工作\个人练习\acm\hoj 1080-Digital roots(水)\hoj 1080-Digital roots(水)\Debug\link.2076.read.1.tlog
D:\工作\个人练习\acm\hoj 1080-Digital roots(水)\hoj 1080-Digital roots(水)\Debug\link.2076.write.1.tlog
D:\工作\个人练习\acm\hoj 1080-Digital roots(水)\hoj 1080-Digital roots(水)\Debug\link.6464-cvtres.read.1.tlog
D:\工作\个人练习\acm\hoj 1080-Digital roots(水)\hoj 1080-Digital roots(水)\Debug\link.6464-cvtres.write.1.tlog
D:\工作\个人练习\acm\hoj 1080-Digital roots(水)\hoj 1080-Digital roots(水)\Debug\link.6464.read.1.tlog
D:\工作\个人练习\acm\hoj 1080-Digital roots(水)\hoj 1080-Digital roots(水)\Debug\link.6464.write.1.tlog
D:\工作\个人练习\acm\hoj 1080-Digital roots(水)\hoj 1080-Digital roots(水)\Debug\link.command.1.tlog
D:\工作\个人练习\acm\hoj 1080-Digital roots(水)\hoj 1080-Digital roots(水)\Debug\link.read.1.tlog
D:\工作\个人练习\acm\hoj 1080-Digital roots(水)\hoj 1080-Digital roots(水)\Debug\link.write.1.tlog
D:\工作\个人练习\acm\hoj 1080-Digital roots(水)\hoj 1080-Digital roots(水)\Debug\mt.command.1.tlog
D:\工作\个人练习\acm\hoj 1080-Digital roots(水)\hoj 1080-Digital roots(水)\Debug\mt.read.1.tlog
D:\工作\个人练习\acm\hoj 1080-Digital roots(水)\hoj 1080-Digital roots(水)\Debug\mt.write.1.tlog
D:\工作\个人练习\acm\hoj 1080-Digital roots(水)\hoj 1080-Digital roots(水)\Debug\rc.command.1.tlog
D:\工作\个人练习\acm\hoj 1080-Digital roots(水)\hoj 1080-Digital roots(水)\Debug\rc.read.1.tlog
D:\工作\个人练习\acm\hoj 1080-Digital roots(水)\hoj 1080-Digital roots(水)\Debug\rc.write.1.tlog
D:\工作\个人练习\acm\hoj 1080-Digital roots(水)\hoj 1080-Digital roots(水)\Debug\hoj 1080-Digital roots(水).exe.embed.manifest
D:\工作\个人练习\acm\hoj 1080-Digital roots(水)\hoj 1080-Digital roots(水)\Debug\hoj 1080-Digital roots(水).exe.intermediate.manifest
D:\工作\个人练习\acm\hoj 1080-Digital roots(水)\hoj 1080-Digital roots(水)\Debug\hoj 1080-Digital roots(水).exe.embed.manifest.res
D:\工作\个人练习\acm\hoj 1080-Digital roots(水)\hoj 1080-Digital roots(水)\Debug\vc100.idb
D:\工作\个人练习\acm\hoj 1080-Digital roots(水)\hoj 1080-Digital roots(水)\Debug\vc110.idb
D:\工作\个人练习\acm\hoj 1080-Digital roots(水)\hoj 1080-Digital roots(水)\Debug\vc100.pdb
D:\工作\个人练习\acm\hoj 1080-Digital roots(水)\hoj 1080-Digital roots(水)\Debug\vc110.pdb
D:\工作\个人练习\acm\hoj 1080-Digital roots(水)\hoj 1080-Digital roots(水)\Debug\hoj 1080-Digital roots(水)_manifest.rc
D:\工作\个人练习\acm\hoj 1080-Digital roots(水)\Debug\hoj 1080-Digital roots(水).pdb
